#
# A fatal error has been detected by the Java Runtime Environment:
#
#  EXCEPTION_ACCESS_VIOLATION (0xc0000005) at pc=0x000000000c2577f9, pid=5024, tid=3856
#
# JRE version: Java(TM) SE Runtime Environment (7.0_51-b13) (build 1.7.0_51-b13)
# Java VM: Java HotSpot(TM) 64-Bit Server VM (24.51-b03 mixed mode windows-amd64 compressed oops)
# Problematic frame:
# C  [ig4icd64.dll+0x1b77f9]
#
# Failed to write core dump. Minidumps are not enabled by default on client versions of Windows
#
# If you would like to submit a bug report, please visit:
#   http://bugreport.sun.com/bugreport/crash.jsp
# The crash happened outside the Java Virtual Machine in native code.
# See problematic frame for where to report the bug.
#

---------------  T H R E A D  ---------------

Current thread (0x0000000009fbf000):  JavaThread "LWJGL Renderer Thread" [_thread_in_native, id=3856, stack(0x000000000bfa0000,0x000000000c0a0000)]

siginfo: ExceptionCode=0xc0000005, reading address 0x000000003bd8e008

Registers:
RAX=0x00000000000f19e0, RBX=0x000000000d39cd88, RCX=0x000000003bd8e000, RDX=0x0000000000000000
RSP=0x000000000c09e360, RBP=0x0000000000000006, RSI=0x0000000000014228, RDI=0x000000003ba58320
R8 =0x0000000000000002, R9 =0x0000000000000000, R10=0x0000000000000002, R11=0x000000003bc9c620
R12=0x000000000000042f, R13=0x00000000002e9f60, R14=0x0000000000000018, R15=0x000000003ba58320
RIP=0x000000000c2577f9, EFLAGS=0x0000000000010246

Top of Stack: (sp=0x000000000c09e360)
0x000000000c09e360:   00000000000004af 000000000d390080
0x000000000c09e370:   00000000002d08a0 000000000c90b756
0x000000000c09e380:   0000000000000002 0000000000000002
0x000000000c09e390:   0000000043000000 0000000000000018
0x000000000c09e3a0:   00000000bf800000 0000000000000000
0x000000000c09e3b0:   00000000bf800000 0000000000000000
0x000000000c09e3c0:   0000000000000985 000000003ba57c70
0x000000000c09e3d0:   000000000000042f 000000000000c195
0x000000000c09e3e0:   000000003ba58320 0000000000000000
0x000000000c09e3f0:   000000000d390080 000000000c259cff
0x000000000c09e400:   000000000d390080 00000000000004b0
0x000000000c09e410:   000000000000042f 000000003ba58350
0x000000000c09e420:   000000003ba58320 0000000000000001
0x000000000c09e430:   000000000000c195 0000000000000985
0x000000000c09e440:   0000000000000006 0000000000080038
0x000000000c09e450:   00000000000004ae 00000000000004b0 

Instructions: (pc=0x000000000c2577f9)
0x000000000c2577d9:   83 ea 01 74 2b 83 ea 01 74 1e 83 ea 01 74 11 83
0x000000000c2577e9:   fa 01 0f 85 59 02 00 00 8b 41 0c 41 89 44 ed 0c
0x000000000c2577f9:   8b 41 08 41 89 44 ed 08 8b 41 04 41 89 44 ed 04
0x000000000c257809:   8b 01 4c 8b 54 24 20 48 8b 9c 24 a0 00 00 00 4c 


Register to memory mapping:

RAX=0x00000000000f19e0 is an unknown value
RBX=0x000000000d39cd88 is an unknown value
RCX=0x000000003bd8e000 is an unknown value
RDX=0x0000000000000000 is an unknown value
RSP=0x000000000c09e360 is pointing into the stack for thread: 0x0000000009fbf000
RBP=0x0000000000000006 is an unknown value
RSI=0x0000000000014228 is an unknown value
RDI=0x000000003ba58320 is an unknown value
R8 =0x0000000000000002 is an unknown value
R9 =0x0000000000000000 is an unknown value
R10=0x0000000000000002 is an unknown value
R11=0x000000003bc9c620 is an unknown value
R12=0x000000000000042f is an unknown value
R13=0x00000000002e9f60 is an unknown value
R14=0x0000000000000018 is an unknown value
R15=0x000000003ba58320 is an unknown value


Stack: [0x000000000bfa0000,0x000000000c0a0000],  sp=0x000000000c09e360,  free space=1016k
Native frames: (J=compiled Java code, j=interpreted, Vv=VM code, C=native code)
C  [ig4icd64.dll+0x1b77f9]

Java frames: (J=compiled Java code, j=interpreted, Vv=VM code)
j  org.lwjgl.opengl.GL12.nglDrawRangeElementsBO(IIIIIJJ)V+0
j  org.lwjgl.opengl.GL12.glDrawRangeElements(IIIIIJ)V+32
j  com.jme3.renderer.lwjgl.LwjglRenderer.drawTriangleList(Lcom/jme3/scene/VertexBuffer;Lcom/jme3/scene/Mesh;I)V+361
j  com.jme3.renderer.lwjgl.LwjglRenderer.renderMeshDefault(Lcom/jme3/scene/Mesh;II)V+174
j  com.jme3.renderer.lwjgl.LwjglRenderer.renderMesh(Lcom/jme3/scene/Mesh;II)V+160
j  com.jme3.material.Material.renderMultipassLighting(Lcom/jme3/shader/Shader;Lcom/jme3/scene/Geometry;Lcom/jme3/renderer/RenderManager;)V+595
j  com.jme3.material.Material.render(Lcom/jme3/scene/Geometry;Lcom/jme3/renderer/RenderManager;)V+285
j  com.jme3.renderer.RenderManager.renderGeometry(Lcom/jme3/scene/Geometry;)V+204
j  com.jme3.renderer.queue.RenderQueue.renderGeometryList(Lcom/jme3/renderer/queue/GeometryList;Lcom/jme3/renderer/RenderManager;Lcom/jme3/renderer/Camera;Z)V+51
j  com.jme3.renderer.queue.RenderQueue.renderQueue(Lcom/jme3/renderer/queue/RenderQueue$Bucket;Lcom/jme3/renderer/RenderManager;Lcom/jme3/renderer/Camera;Z)V+68
j  com.jme3.renderer.RenderManager.renderViewPortQueues(Lcom/jme3/renderer/ViewPort;Z)V+22
j  com.jme3.renderer.RenderManager.flushQueue(Lcom/jme3/renderer/ViewPort;)V+3
j  com.jme3.renderer.RenderManager.renderViewPort(Lcom/jme3/renderer/ViewPort;F)V+267
j  com.jme3.renderer.RenderManager.render(FZ)V+123
j  com.jme3.app.SimpleApplication.update()V+102
j  com.jme3.system.lwjgl.LwjglAbstractDisplay.runLoop()V+22
j  com.jme3.system.lwjgl.LwjglDisplay.runLoop()V+67
j  com.jme3.system.lwjgl.LwjglAbstractDisplay.run()V+132
j  java.lang.Thread.run()V+11
v  ~StubRoutines::call_stub

---------------  P R O C E S S  ---------------

Java Threads: ( => current thread )
  0x000000000b8b2800 JavaThread "jME3 Audio Thread" daemon [_thread_blocked, id=2564, stack(0x0000000010250000,0x0000000010350000)]
  0x000000000202e800 JavaThread "DestroyJavaVM" [_thread_blocked, id=4760, stack(0x0000000002050000,0x0000000002150000)]
=>0x0000000009fbf000 JavaThread "LWJGL Renderer Thread" [_thread_in_native, id=3856, stack(0x000000000bfa0000,0x000000000c0a0000)]
  0x0000000009f44000 JavaThread "TimerQueue" daemon [_thread_blocked, id=4864, stack(0x000000000ab50000,0x000000000ac50000)]
  0x0000000009d12000 JavaThread "AWT-Windows" daemon [_thread_in_native, id=4312, stack(0x000000000a370000,0x000000000a470000)]
  0x0000000009d24000 JavaThread "Java2D Disposer" daemon [_thread_blocked, id=2696, stack(0x00000000095d0000,0x00000000096d0000)]
  0x0000000009bf8800 JavaThread "Service Thread" daemon [_thread_blocked, id=4800, stack(0x000000000a060000,0x000000000a160000)]
  0x0000000008034800 JavaThread "C2 CompilerThread1" daemon [_thread_blocked, id=3768, stack(0x0000000009af0000,0x0000000009bf0000)]
  0x000000000801f800 JavaThread "C2 CompilerThread0" daemon [_thread_blocked, id=3188, stack(0x0000000009940000,0x0000000009a40000)]
  0x000000000801e000 JavaThread "Attach Listener" daemon [_thread_blocked, id=3820, stack(0x0000000009070000,0x0000000009170000)]
  0x0000000008017000 JavaThread "Signal Dispatcher" daemon [_thread_blocked, id=3496, stack(0x00000000096f0000,0x00000000097f0000)]
  0x0000000007fc6800 JavaThread "Finalizer" daemon [_thread_blocked, id=1032, stack(0x00000000094d0000,0x00000000095d0000)]
  0x0000000007fbd800 JavaThread "Reference Handler" daemon [_thread_blocked, id=5048, stack(0x00000000092c0000,0x00000000093c0000)]

Other Threads:
  0x0000000007fb7000 VMThread [stack: 0x0000000009180000,0x0000000009280000] [id=4684]
  0x000000000803f000 WatcherThread [stack: 0x000000000a160000,0x000000000a260000] [id=4448]

VM state:not at safepoint (normal execution)

VM Mutex/Monitor currently owned by a thread: None

Heap
 PSYoungGen      total 286208K, used 105435K [0x00000000ec600000, 0x00000000ffb00000, 0x0000000100000000)
  eden space 260096K, 40% used [0x00000000ec600000,0x00000000f2cf6ce8,0x00000000fc400000)
  from space 26112K, 0% used [0x00000000fe180000,0x00000000fe180000,0x00000000ffb00000)
  to   space 28160K, 0% used [0x00000000fc400000,0x00000000fc400000,0x00000000fdf80000)
 ParOldGen       total 104960K, used 53204K [0x00000000c5200000, 0x00000000cb880000, 0x00000000ec600000)
  object space 104960K, 50% used [0x00000000c5200000,0x00000000c85f5220,0x00000000cb880000)
 PSPermGen       total 36864K, used 16778K [0x00000000c0000000, 0x00000000c2400000, 0x00000000c5200000)
  object space 36864K, 45% used [0x00000000c0000000,0x00000000c10628f8,0x00000000c2400000)

Card table byte_map: [0x0000000005260000,0x0000000005470000] byte_map_base: 0x0000000004c60000

Polling page: 0x0000000000120000

Code Cache  [0x0000000002260000, 0x00000000024d0000, 0x0000000005260000)
 total_blobs=948 nmethods=378 adapters=523 free_code_cache=47636Kb largest_free_block=48746112

Compilation events (10 events):
Event: 11.168 Thread 0x0000000008034800 nmethod 380 0x00000000023d2790 code [0x00000000023d28c0, 0x00000000023d2958]
Event: 11.168 Thread 0x0000000008034800  381             com.sun.imageio.plugins.png.PNGImageReader::decodePaethFilter (143 bytes)
Event: 11.179 Thread 0x0000000008034800 nmethod 381 0x00000000023ca110 code [0x00000000023ca240, 0x00000000023ca5d8]
Event: 11.179 Thread 0x0000000008034800  382             java.util.regex.Pattern$Slice::match (79 bytes)
Event: 11.199 Thread 0x0000000008034800 nmethod 382 0x00000000023dced0 code [0x00000000023dd040, 0x00000000023dd6b8]
Event: 11.199 Thread 0x0000000008034800  383             java.util.Arrays::fill (21 bytes)
Event: 11.201 Thread 0x000000000801f800 nmethod 378 0x00000000023e0a90 code [0x00000000023e0cc0, 0x00000000023e24c0]
Event: 11.203 Thread 0x0000000008034800 nmethod 383 0x00000000023d47d0 code [0x00000000023d4900, 0x00000000023d4ab8]
Event: 11.783 Thread 0x000000000801f800  384             java.util.Arrays::fill (21 bytes)
Event: 11.789 Thread 0x000000000801f800 nmethod 384 0x00000000023db110 code [0x00000000023db240, 0x00000000023db5f8]

GC Heap History (10 events):
Event: 9.208 GC heap before
{Heap before GC invocations=16 (full 1):
 PSYoungGen      total 221696K, used 191509K [0x00000000ec600000, 0x00000000fc400000, 0x0000000100000000)
  eden space 189440K, 100% used [0x00000000ec600000,0x00000000f7f00000,0x00000000f7f00000)
  from space 32256K, 6% used [0x00000000fa480000,0x00000000fa6857a0,0x00000000fc400000)
  to   space 35328K, 0% used [0x00000000f7f00000,0x00000000f7f00000,0x00000000fa180000)
 ParOldGen       total 83968K, used 47767K [0x00000000c5200000, 0x00000000ca400000, 0x00000000ec600000)
  object space 83968K, 56% used [0x00000000c5200000,0x00000000c80a5c30,0x00000000ca400000)
 PSPermGen       total 32768K, used 16515K [0x00000000c0000000, 0x00000000c2000000, 0x00000000c5200000)
  object space 32768K, 50% used [0x00000000c0000000,0x00000000c1020f78,0x00000000c2000000)
Event: 9.226 GC heap after
Heap after GC invocations=16 (full 1):
 PSYoungGen      total 224768K, used 4956K [0x00000000ec600000, 0x00000000fff00000, 0x0000000100000000)
  eden space 189440K, 0% used [0x00000000ec600000,0x00000000ec600000,0x00000000f7f00000)
  from space 35328K, 14% used [0x00000000f7f00000,0x00000000f83d7180,0x00000000fa180000)
  to   space 33280K, 0% used [0x00000000fde80000,0x00000000fde80000,0x00000000fff00000)
 ParOldGen       total 83968K, used 49511K [0x00000000c5200000, 0x00000000ca400000, 0x00000000ec600000)
  object space 83968K, 58% used [0x00000000c5200000,0x00000000c8259c30,0x00000000ca400000)
 PSPermGen       total 32768K, used 16515K [0x00000000c0000000, 0x00000000c2000000, 0x00000000c5200000)
  object space 32768K, 50% used [0x00000000c0000000,0x00000000c1020f78,0x00000000c2000000)
}
Event: 9.437 GC heap before
{Heap before GC invocations=17 (full 1):
 PSYoungGen      total 224768K, used 194396K [0x00000000ec600000, 0x00000000fff00000, 0x0000000100000000)
  eden space 189440K, 100% used [0x00000000ec600000,0x00000000f7f00000,0x00000000f7f00000)
  from space 35328K, 14% used [0x00000000f7f00000,0x00000000f83d7180,0x00000000fa180000)
  to   space 33280K, 0% used [0x00000000fde80000,0x00000000fde80000,0x00000000fff00000)
 ParOldGen       total 83968K, used 49511K [0x00000000c5200000, 0x00000000ca400000, 0x00000000ec600000)
  object space 83968K, 58% used [0x00000000c5200000,0x00000000c8259c30,0x00000000ca400000)
 PSPermGen       total 32768K, used 16515K [0x00000000c0000000, 0x00000000c2000000, 0x00000000c5200000)
  object space 32768K, 50% used [0x00000000c0000000,0x00000000c1020f78,0x00000000c2000000)
Event: 9.455 GC heap after
Heap after GC invocations=17 (full 1):
 PSYoungGen      total 282112K, used 4981K [0x00000000ec600000, 0x00000000ffb00000, 0x0000000100000000)
  eden space 252928K, 0% used [0x00000000ec600000,0x00000000ec600000,0x00000000fbd00000)
  from space 29184K, 17% used [0x00000000fde80000,0x00000000fe35d7a0,0x00000000ffb00000)
  to   space 31744K, 0% used [0x00000000fbd00000,0x00000000fbd00000,0x00000000fdc00000)
 ParOldGen       total 83968K, used 54319K [0x00000000c5200000, 0x00000000ca400000, 0x00000000ec600000)
  object space 83968K, 64% used [0x00000000c5200000,0x00000000c870bf98,0x00000000ca400000)
 PSPermGen       total 32768K, used 16515K [0x00000000c0000000, 0x00000000c2000000, 0x00000000c5200000)
  object space 32768K, 50% used [0x00000000c0000000,0x00000000c1020f78,0x00000000c2000000)
}
Event: 9.751 GC heap before
{Heap before GC invocations=18 (full 1):
 PSYoungGen      total 282112K, used 257909K [0x00000000ec600000, 0x00000000ffb00000, 0x0000000100000000)
  eden space 252928K, 100% used [0x00000000ec600000,0x00000000fbd00000,0x00000000fbd00000)
  from space 29184K, 17% used [0x00000000fde80000,0x00000000fe35d7a0,0x00000000ffb00000)
  to   space 31744K, 0% used [0x00000000fbd00000,0x00000000fbd00000,0x00000000fdc00000)
 ParOldGen       total 83968K, used 54319K [0x00000000c5200000, 0x00000000ca400000, 0x00000000ec600000)
  object space 83968K, 64% used [0x00000000c5200000,0x00000000c870bf98,0x00000000ca400000)
 PSPermGen       total 32768K, used 16516K [0x00000000c0000000, 0x00000000c2000000, 0x00000000c5200000)
  object space 32768K, 50% used [0x00000000c0000000,0x00000000c1021028,0x00000000c2000000)
Event: 9.782 GC heap after
Heap after GC invocations=18 (full 1):
 PSYoungGen      total 284672K, used 6720K [0x00000000ec600000, 0x00000000ffe80000, 0x0000000100000000)
  eden space 252928K, 0% used [0x00000000ec600000,0x00000000ec600000,0x00000000fbd00000)
  from space 31744K, 21% used [0x00000000fbd00000,0x00000000fc390368,0x00000000fdc00000)
  to   space 29696K, 0% used [0x00000000fe180000,0x00000000fe180000,0x00000000ffe80000)
 ParOldGen       total 83968K, used 58999K [0x00000000c5200000, 0x00000000ca400000, 0x00000000ec600000)
  object space 83968K, 70% used [0x00000000c5200000,0x00000000c8b9df98,0x00000000ca400000)
 PSPermGen       total 32768K, used 16516K [0x00000000c0000000, 0x00000000c2000000, 0x00000000c5200000)
  object space 32768K, 50% used [0x00000000c0000000,0x00000000c1021028,0x00000000c2000000)
}
Event: 10.059 GC heap before
{Heap before GC invocations=19 (full 1):
 PSYoungGen      total 284672K, used 259648K [0x00000000ec600000, 0x00000000ffe80000, 0x0000000100000000)
  eden space 252928K, 100% used [0x00000000ec600000,0x00000000fbd00000,0x00000000fbd00000)
  from space 31744K, 21% used [0x00000000fbd00000,0x00000000fc390368,0x00000000fdc00000)
  to   space 29696K, 0% used [0x00000000fe180000,0x00000000fe180000,0x00000000ffe80000)
 ParOldGen       total 83968K, used 58999K [0x00000000c5200000, 0x00000000ca400000, 0x00000000ec600000)
  object space 83968K, 70% used [0x00000000c5200000,0x00000000c8b9df98,0x00000000ca400000)
 PSPermGen       total 32768K, used 16516K [0x00000000c0000000, 0x00000000c2000000, 0x00000000c5200000)
  object space 32768K, 50% used [0x00000000c0000000,0x00000000c1021028,0x00000000c2000000)
Event: 10.090 GC heap after
Heap after GC invocations=19 (full 1):
 PSYoungGen      total 286208K, used 6897K [0x00000000ec600000, 0x00000000ffb00000, 0x0000000100000000)
  eden space 260096K, 0% used [0x00000000ec600000,0x00000000ec600000,0x00000000fc400000)
  from space 26112K, 26% used [0x00000000fe180000,0x00000000fe83c518,0x00000000ffb00000)
  to   space 28160K, 0% used [0x00000000fc400000,0x00000000fc400000,0x00000000fdf80000)
 ParOldGen       total 83968K, used 65239K [0x00000000c5200000, 0x00000000ca400000, 0x00000000ec600000)
  object space 83968K, 77% used [0x00000000c5200000,0x00000000c91b5f98,0x00000000ca400000)
 PSPermGen       total 32768K, used 16516K [0x00000000c0000000, 0x00000000c2000000, 0x00000000c5200000)
  object space 32768K, 50% used [0x00000000c0000000,0x00000000c1021028,0x00000000c2000000)
}
Event: 10.090 GC heap before
{Heap before GC invocations=20 (full 2):
 PSYoungGen      total 286208K, used 6897K [0x00000000ec600000, 0x00000000ffb00000, 0x0000000100000000)
  eden space 260096K, 0% used [0x00000000ec600000,0x00000000ec600000,0x00000000fc400000)
  from space 26112K, 26% used [0x00000000fe180000,0x00000000fe83c518,0x00000000ffb00000)
  to   space 28160K, 0% used [0x00000000fc400000,0x00000000fc400000,0x00000000fdf80000)
 ParOldGen       total 83968K, used 65239K [0x00000000c5200000, 0x00000000ca400000, 0x00000000ec600000)
  object space 83968K, 77% used [0x00000000c5200000,0x00000000c91b5f98,0x00000000ca400000)
 PSPermGen       total 32768K, used 16516K [0x00000000c0000000, 0x00000000c2000000, 0x00000000c5200000)
  object space 32768K, 50% used [0x00000000c0000000,0x00000000c1021028,0x00000000c2000000)
Event: 10.611 GC heap after
Heap after GC invocations=20 (full 2):
 PSYoungGen      total 286208K, used 0K [0x00000000ec600000, 0x00000000ffb00000, 0x0000000100000000)
  eden space 260096K, 0% used [0x00000000ec600000,0x00000000ec600000,0x00000000fc400000)
  from space 26112K, 0% used [0x00000000fe180000,0x00000000fe180000,0x00000000ffb00000)
  to   space 28160K, 0% used [0x00000000fc400000,0x00000000fc400000,0x00000000fdf80000)
 ParOldGen       total 104960K, used 53204K [0x00000000c5200000, 0x00000000cb880000, 0x00000000ec600000)
  object space 104960K, 50% used [0x00000000c5200000,0x00000000c85f5220,0x00000000cb880000)
 PSPermGen       total 36864K, used 16515K [0x00000000c0000000, 0x00000000c2400000, 0x00000000c5200000)
  object space 36864K, 44% used [0x00000000c0000000,0x00000000c1020f08,0x00000000c2400000)
}

Deoptimization events (10 events):
Event: 11.140 Thread 0x0000000009fbf000 Uncommon trap: reason=class_check action=maybe_recompile pc=0x0000000002388e30 method=java.util.regex.Pattern$CharProperty.study(Ljava/util/regex/Pattern$TreeInfo;)Z @ 25
Event: 11.141 Thread 0x0000000009fbf000 Uncommon trap: reason=class_check action=maybe_recompile pc=0x0000000002388e30 method=java.util.regex.Pattern$CharProperty.study(Ljava/util/regex/Pattern$TreeInfo;)Z @ 25
Event: 11.141 Thread 0x0000000009fbf000 Uncommon trap: reason=class_check action=maybe_recompile pc=0x0000000002388e30 method=java.util.regex.Pattern$CharProperty.study(Ljava/util/regex/Pattern$TreeInfo;)Z @ 25
Event: 11.143 Thread 0x0000000009fbf000 Uncommon trap: reason=unreached action=reinterpret pc=0x00000000023b2c9c method=com.jme3.util.IntMap.put(ILjava/lang/Object;)Ljava/lang/Object; @ 17
Event: 11.144 Thread 0x0000000009fbf000 Uncommon trap: reason=class_check action=maybe_recompile pc=0x000000000238642c method=java.util.regex.Pattern$Slice.match(Ljava/util/regex/Matcher;ILjava/lang/CharSequence;)Z @ 49
Event: 11.144 Thread 0x0000000009fbf000 Uncommon trap: reason=class_check action=maybe_recompile pc=0x000000000238642c method=java.util.regex.Pattern$Slice.match(Ljava/util/regex/Matcher;ILjava/lang/CharSequence;)Z @ 49
Event: 11.144 Thread 0x0000000009fbf000 Uncommon trap: reason=class_check action=maybe_recompile pc=0x000000000238642c method=java.util.regex.Pattern$Slice.match(Ljava/util/regex/Matcher;ILjava/lang/CharSequence;)Z @ 49
Event: 11.144 Thread 0x0000000009fbf000 Uncommon trap: reason=class_check action=maybe_recompile pc=0x000000000238642c method=java.util.regex.Pattern$Slice.match(Ljava/util/regex/Matcher;ILjava/lang/CharSequence;)Z @ 49
Event: 11.782 Thread 0x0000000009fbf000 Uncommon trap: reason=predicate action=maybe_recompile pc=0x00000000023d4a7c method=java.util.Arrays.fill([Ljava/lang/Object;Ljava/lang/Object;)V @ 10
Event: 11.783 Thread 0x0000000009fbf000 Uncommon trap: reason=array_check action=maybe_recompile pc=0x00000000023bebd8 method=java.util.Arrays.fill([Ljava/lang/Object;Ljava/lang/Object;)V @ 13

Internal exceptions (10 events):
Event: 11.266 Thread 0x0000000009fbf000 Threw 0x00000000f28929a0 at C:\re\jdk7u51\527\hotspot\src\share\vm\prims\jvm.cpp:1244
Event: 11.268 Thread 0x0000000009fbf000 Threw 0x00000000f2895e40 at C:\re\jdk7u51\527\hotspot\src\share\vm\prims\jvm.cpp:1244
Event: 11.268 Thread 0x0000000009fbf000 Threw 0x00000000f28979a0 at C:\re\jdk7u51\527\hotspot\src\share\vm\prims\jvm.cpp:1244
Event: 11.271 Thread 0x0000000009fbf000 Threw 0x00000000f28a2cf8 at C:\re\jdk7u51\527\hotspot\src\share\vm\prims\jvm.cpp:1244
Event: 11.274 Thread 0x0000000009fbf000 Threw 0x00000000f28ab7c0 at C:\re\jdk7u51\527\hotspot\src\share\vm\prims\jvm.cpp:1244
Event: 11.790 Thread 0x0000000009fbf000 Threw 0x00000000f28e9c98 at C:\re\jdk7u51\527\hotspot\src\share\vm\prims\jvm.cpp:1244
Event: 11.792 Thread 0x0000000009fbf000 Threw 0x00000000f28f2f00 at C:\re\jdk7u51\527\hotspot\src\share\vm\prims\jvm.cpp:1244
Event: 11.792 Thread 0x0000000009fbf000 Threw 0x00000000f28f6398 at C:\re\jdk7u51\527\hotspot\src\share\vm\prims\jvm.cpp:1244
Event: 11.796 Thread 0x0000000009fbf000 Threw 0x00000000f28fa0b8 at C:\re\jdk7u51\527\hotspot\src\share\vm\prims\jvm.cpp:1244
Event: 11.797 Thread 0x0000000009fbf000 Threw 0x00000000f28fc828 at C:\re\jdk7u51\527\hotspot\src\share\vm\prims\jvm.cpp:1244

Events (10 events):
Event: 11.790 loading class 0x0000000009f4a6f0
Event: 11.790 loading class 0x0000000009f4a6f0 done
Event: 11.792 loading class 0x0000000009fdfcb0
Event: 11.792 loading class 0x0000000009fdfcb0 done
Event: 11.792 loading class 0x000000000bb4ecb0
Event: 11.792 loading class 0x000000000bb4ecb0 done
Event: 11.796 loading class 0x0000000009f4a870
Event: 11.796 loading class 0x0000000009f4a870 done
Event: 11.796 loading class 0x000000000b894eb0
Event: 11.796 loading class 0x000000000b894eb0 done


Dynamic libraries:
0x000000013f630000 - 0x000000013f663000 	C:\Program Files\jmonkeyplatform\jdk\bin\java.exe
0x0000000077700000 - 0x00000000778a9000 	C:\Windows\SYSTEM32\ntdll.dll
0x00000000774e0000 - 0x00000000775ff000 	C:\Windows\system32\kernel32.dll
0x000007fefd850000 - 0x000007fefd8bc000 	C:\Windows\system32\KERNELBASE.dll
0x000007fefe080000 - 0x000007fefe15b000 	C:\Windows\system32\ADVAPI32.dll
0x000007fefde50000 - 0x000007fefdeef000 	C:\Windows\system32\msvcrt.dll
0x000007fefd8d0000 - 0x000007fefd8ef000 	C:\Windows\SYSTEM32\sechost.dll
0x000007feff5b0000 - 0x000007feff6dd000 	C:\Windows\system32\RPCRT4.dll
0x0000000077600000 - 0x00000000776fa000 	C:\Windows\system32\USER32.dll
0x000007fefdde0000 - 0x000007fefde47000 	C:\Windows\system32\GDI32.dll
0x000007fefd8f0000 - 0x000007fefd8fe000 	C:\Windows\system32\LPK.dll
0x000007fefdfb0000 - 0x000007fefe079000 	C:\Windows\system32\USP10.dll
0x000007fefbf70000 - 0x000007fefc164000 	C:\Windows\WinSxS\amd64_microsoft.windows.common-controls_6595b64144ccf1df_6.0.7601.17514_none_fa396087175ac9ac\COMCTL32.dll
0x000007feff990000 - 0x000007feffa01000 	C:\Windows\system32\SHLWAPI.dll
0x000007feff000000 - 0x000007feff02e000 	C:\Windows\system32\IMM32.DLL
0x000007fefe160000 - 0x000007fefe269000 	C:\Windows\system32\MSCTF.dll
0x000000006adf0000 - 0x000000006aec2000 	C:\Program Files\jmonkeyplatform\jdk\jre\bin\msvcr100.dll
0x000000005c3c0000 - 0x000000005cb89000 	C:\Program Files\jmonkeyplatform\jdk\jre\bin\server\jvm.dll
0x000007fef8fb0000 - 0x000007fef8fb9000 	C:\Windows\system32\WSOCK32.dll
0x000007feff450000 - 0x000007feff49d000 	C:\Windows\system32\WS2_32.dll
0x000007feff5a0000 - 0x000007feff5a8000 	C:\Windows\system32\NSI.dll
0x000007fefb640000 - 0x000007fefb67b000 	C:\Windows\system32\WINMM.dll
0x00000000778c0000 - 0x00000000778c7000 	C:\Windows\system32\PSAPI.DLL
0x000000006be90000 - 0x000000006be9f000 	C:\Program Files\jmonkeyplatform\jdk\jre\bin\verify.dll
0x000000006be60000 - 0x000000006be88000 	C:\Program Files\jmonkeyplatform\jdk\jre\bin\java.dll
0x000000006be40000 - 0x000000006be55000 	C:\Program Files\jmonkeyplatform\jdk\jre\bin\zip.dll
0x000000006b000000 - 0x000000006b195000 	C:\Program Files\jmonkeyplatform\jdk\jre\bin\awt.dll
0x000007fefdaf0000 - 0x000007fefdbc7000 	C:\Windows\system32\OLEAUT32.dll
0x000007fefdbd0000 - 0x000007fefddd3000 	C:\Windows\system32\ole32.dll
0x000007fefbd90000 - 0x000007fefbde6000 	C:\Windows\system32\uxtheme.dll
0x000007fefbaf0000 - 0x000007fefbb08000 	C:\Windows\system32\dwmapi.dll
0x000007fefd370000 - 0x000007fefd37f000 	C:\Windows\system32\CRYPTBASE.dll
0x000007fefe270000 - 0x000007fefeff8000 	C:\Windows\system32\SHELL32.dll
0x000000006b1c0000 - 0x000000006b1d9000 	C:\Program Files\jmonkeyplatform\jdk\jre\bin\net.dll
0x000007fefccb0000 - 0x000007fefcd05000 	C:\Windows\system32\mswsock.dll
0x000007fefcca0000 - 0x000007fefcca7000 	C:\Windows\System32\wship6.dll
0x000000006b1a0000 - 0x000000006b1b1000 	C:\Program Files\jmonkeyplatform\jdk\jre\bin\nio.dll
0x000000006af70000 - 0x000000006afb7000 	C:\Program Files\jmonkeyplatform\jdk\jre\bin\fontmanager.dll
0x00000000642c0000 - 0x00000000642f0000 	C:\Program Files\jmonkeyplatform\jdk\jre\bin\jpeg.dll
0x000000006af20000 - 0x000000006af61000 	C:\Program Files\jmonkeyplatform\jdk\jre\bin\t2k.dll
0x0000000180000000 - 0x0000000180050000 	C:\Users\gwAwr\Documents\GitHub\SpaceGame\client\lwjgl64.dll
0x000007fef5850000 - 0x000007fef596d000 	C:\Windows\system32\OPENGL32.dll
0x000007fef6060000 - 0x000007fef608d000 	C:\Windows\system32\GLU32.dll
0x000007fef5750000 - 0x000007fef5841000 	C:\Windows\system32\DDRAW.dll
0x000007fef6050000 - 0x000007fef6058000 	C:\Windows\system32\DCIMAN32.dll
0x000007feff270000 - 0x000007feff447000 	C:\Windows\system32\SETUPAPI.dll
0x000007fefd610000 - 0x000007fefd646000 	C:\Windows\system32\CFGMGR32.dll
0x000007fefd530000 - 0x000007fefd54a000 	C:\Windows\system32\DEVOBJ.dll
0x000007fefc600000 - 0x000007fefc60c000 	C:\Windows\system32\VERSION.dll
0x000000000c0a0000 - 0x000000000d28d000 	C:\Windows\system32\ig4icd64.dll
0x000007fef71f0000 - 0x000007fef728c000 	C:\Windows\system32\mscms.dll
0x000007fefd550000 - 0x000007fefd56e000 	C:\Windows\system32\USERENV.dll
0x000007fefd510000 - 0x000007fefd51f000 	C:\Windows\system32\profapi.dll
0x000007fef6d40000 - 0x000007fef6d82000 	C:\Windows\system32\icm32.dll
0x0000000002150000 - 0x00000000021b4000 	C:\Users\gwAwr\Documents\GitHub\SpaceGame\client\OpenAL64.dll
0x000007feff500000 - 0x000007feff599000 	C:\Windows\system32\CLBCatQ.DLL
0x000007fefb9c0000 - 0x000007fefba0b000 	C:\Windows\System32\MMDevApi.dll
0x000007fefbdf0000 - 0x000007fefbf1c000 	C:\Windows\System32\PROPSYS.dll
0x000007fef5970000 - 0x000007fef59f8000 	C:\Windows\system32\dsound.dll
0x000007fefba10000 - 0x000007fefba3c000 	C:\Windows\system32\POWRPROF.dll
0x000007fefb460000 - 0x000007fefb4af000 	C:\Windows\system32\AUDIOSES.DLL
0x000007fefa950000 - 0x000007fefaa75000 	C:\Windows\system32\dbghelp.dll

VM Arguments:
jvm_args: -Dfile.encoding=UTF-8 
java_command: mygame.Main
Launcher Type: SUN_STANDARD

Environment Variables:
PATH=C:\ProgramData\Oracle\Java\javapath;C:\Windows\system32;C:\Windows;C:\Windows\System32\Wbem;C:\Windows\System32\WindowsPowerShell\v1.0\;C:\Program Files (x86)\Windows Kits\8.1\Windows Performance Toolkit\;C:\Program Files\Microsoft SQL Server\110\Tools\Binn\;C:\Program Files (x86)\QuickTime\QTSystem\;C:\Windows\system32;C:\Windows;C:\Windows\System32\Wbem;C:\Program Files (x86)\CodeBlocks\MinGW\bin;C:\Python33;C:\Program Files\PostgreSQL\9.3\lib;C:\Program Files\PostgreSQL\9.3\bin;C:\Program Files\Java\jdk1.7.0_51\bin;C:\GTK\bin;C:\Program Files (x86)\PostgreSQL\9.3\bin;C:\Program Files (x86)\PostgreSQL\9.3\lib;C:\Program Files\Java\jdk1.8.0_20\bin
USERNAME=gwAwr
OS=Windows_NT
PROCESSOR_IDENTIFIER=Intel64 Family 6 Model 37 Stepping 5, GenuineIntel



---------------  S Y S T E M  ---------------

OS: Windows 7 , 64 bit Build 7601 Service Pack 1

CPU:total 4 (2 cores per cpu, 2 threads per core) family 6 model 37 stepping 5, cmov, cx8, fxsr, mmx, sse, sse2, sse3, ssse3, sse4.1, sse4.2, popcnt, ht, tsc, tscinvbit

Memory: 4k page, physical 3857112k(943784k free), swap 7712360k(3614852k free)

vm_info: Java HotSpot(TM) 64-Bit Server VM (24.51-b03) for windows-amd64 JRE (1.7.0_51-b13), built on Dec 18 2013 18:40:56 by "java_re" with unknown MS VC++:1600

time: Fri Oct 24 12:29:44 2014
elapsed time: 12 seconds

